C:\Users\Asa\source\repos\XO_Proj\XO_Proj\cell.js
C:\Users\Asa\source\repos\XO_Proj\XO_Proj\cell.js.map
C:\Users\Asa\source\repos\XO_Proj\XO_Proj\cell.js
C:\Users\Asa\source\repos\XO_Proj\XO_Proj\cell.js.map
C:\Users\Asa\source\repos\XO_Proj\XO_Proj\threeCell.js
C:\Users\Asa\source\repos\XO_Proj\XO_Proj\threeCell.js.map
C:\Users\Asa\source\repos\XO_Proj\XO_Proj\cell.js
C:\Users\Asa\source\repos\XO_Proj\XO_Proj\cell.js.map
C:\Users\Asa\source\repos\XO_Proj\XO_Proj\threeCell.js
C:\Users\Asa\source\repos\XO_Proj\XO_Proj\threeCell.js.map
C:\Users\Asa\source\repos\XO_Proj\XO_Proj\cell.js
C:\Users\Asa\source\repos\XO_Proj\XO_Proj\cell.js.map
C:\Users\Asa\source\repos\XO_Proj\XO_Proj\threeCell.js
C:\Users\Asa\source\repos\XO_Proj\XO_Proj\threeCell.js.map
C:\Users\Asa\source\repos\XO_Proj\XO_Proj\cell.js
C:\Users\Asa\source\repos\XO_Proj\XO_Proj\cell.js.map
C:\Users\Asa\source\repos\XO_Proj\XO_Proj\threeCell.js
C:\Users\Asa\source\repos\XO_Proj\XO_Proj\threeCell.js.map
C:\Users\Asa\source\repos\XO_Proj\XO_Proj\cell.js
C:\Users\Asa\source\repos\XO_Proj\XO_Proj\cell.js.map
C:\Users\Asa\source\repos\XO_Proj\XO_Proj\threeCell.js
C:\Users\Asa\source\repos\XO_Proj\XO_Proj\threeCell.js.map
C:\Users\Asa\source\repos\XO_Proj\XO_Proj\cell.js
C:\Users\Asa\source\repos\XO_Proj\XO_Proj\cell.js.map
C:\Users\Asa\source\repos\XO_Proj\XO_Proj\threeCell.js
C:\Users\Asa\source\repos\XO_Proj\XO_Proj\threeCell.js.map
C:\Users\Asa\source\repos\XO_Proj\XO_Proj\cell.js
C:\Users\Asa\source\repos\XO_Proj\XO_Proj\cell.js.map
C:\Users\Asa\source\repos\XO_Proj\XO_Proj\threeCell.js
C:\Users\Asa\source\repos\XO_Proj\XO_Proj\threeCell.js.map
C:\Users\Asa\source\repos\XO_Proj\XO_Proj\cell.js
C:\Users\Asa\source\repos\XO_Proj\XO_Proj\cell.js.map
C:\Users\Asa\source\repos\XO_Proj\XO_Proj\threeCell.js
C:\Users\Asa\source\repos\XO_Proj\XO_Proj\threeCell.js.map
C:\Users\Asa\source\repos\XO_Proj\XO_Proj\cell.js
C:\Users\Asa\source\repos\XO_Proj\XO_Proj\cell.js.map
C:\Users\Asa\source\repos\XO_Proj\XO_Proj\threeCell.js
C:\Users\Asa\source\repos\XO_Proj\XO_Proj\threeCell.js.map
C:\Users\Asa\source\repos\XO_Proj\XO_Proj\cell.js
C:\Users\Asa\source\repos\XO_Proj\XO_Proj\cell.js.map
C:\Users\Asa\source\repos\XO_Proj\XO_Proj\threeCell.js
C:\Users\Asa\source\repos\XO_Proj\XO_Proj\threeCell.js.map
C:\Users\Asa\source\repos\XO_Proj\XO_Proj\cell.js
C:\Users\Asa\source\repos\XO_Proj\XO_Proj\cell.js.map
C:\Users\Asa\source\repos\XO_Proj\XO_Proj\threeCell.js
C:\Users\Asa\source\repos\XO_Proj\XO_Proj\threeCell.js.map
C:\Users\Asa\source\repos\XO_Proj\XO_Proj\cell.js
C:\Users\Asa\source\repos\XO_Proj\XO_Proj\cell.js.map
C:\Users\Asa\source\repos\XO_Proj\XO_Proj\threeCell.js
C:\Users\Asa\source\repos\XO_Proj\XO_Proj\threeCell.js.map
C:\Users\Asa\source\repos\XO_Proj\XO_Proj\cell.js
C:\Users\Asa\source\repos\XO_Proj\XO_Proj\cell.js.map
C:\Users\Asa\source\repos\XO_Proj\XO_Proj\threeCell.js
C:\Users\Asa\source\repos\XO_Proj\XO_Proj\threeCell.js.map
C:\Users\Asa\source\repos\XO_Proj\XO_Proj\cell.js
C:\Users\Asa\source\repos\XO_Proj\XO_Proj\cell.js.map
C:\Users\Asa\source\repos\XO_Proj\XO_Proj\threeCell.js
C:\Users\Asa\source\repos\XO_Proj\XO_Proj\threeCell.js.map
C:\Users\Asa\source\repos\XO_Proj\XO_Proj\cell.js
C:\Users\Asa\source\repos\XO_Proj\XO_Proj\cell.js.map
C:\Users\Asa\source\repos\XO_Proj\XO_Proj\threeCell.js
C:\Users\Asa\source\repos\XO_Proj\XO_Proj\threeCell.js.map
C:\Users\Asa\source\repos\XO_Proj\XO_Proj\cell.js
C:\Users\Asa\source\repos\XO_Proj\XO_Proj\cell.js.map
C:\Users\Asa\source\repos\XO_Proj\XO_Proj\threeCell.js
C:\Users\Asa\source\repos\XO_Proj\XO_Proj\threeCell.js.map
C:\Users\Asa\source\repos\XO_Proj\XO_Proj\cell.js
C:\Users\Asa\source\repos\XO_Proj\XO_Proj\cell.js.map
C:\Users\Asa\source\repos\XO_Proj\XO_Proj\threeCell.js
C:\Users\Asa\source\repos\XO_Proj\XO_Proj\threeCell.js.map
C:\Users\Asa\source\repos\XO_Proj\XO_Proj\cell.js
C:\Users\Asa\source\repos\XO_Proj\XO_Proj\cell.js.map
C:\Users\Asa\source\repos\XO_Proj\XO_Proj\threeCell.js
C:\Users\Asa\source\repos\XO_Proj\XO_Proj\threeCell.js.map
C:\Users\Asa\source\repos\XO_Proj\XO_Proj\cell.js
C:\Users\Asa\source\repos\XO_Proj\XO_Proj\cell.js.map
C:\Users\Asa\source\repos\XO_Proj\XO_Proj\threeCell.js
C:\Users\Asa\source\repos\XO_Proj\XO_Proj\threeCell.js.map
C:\Users\Asa\source\repos\XO_Proj\XO_Proj\cell.js
C:\Users\Asa\source\repos\XO_Proj\XO_Proj\cell.js.map
C:\Users\Asa\source\repos\XO_Proj\XO_Proj\threeCell.js
C:\Users\Asa\source\repos\XO_Proj\XO_Proj\threeCell.js.map
C:\Users\Asa\source\repos\XO_Proj\XO_Proj\cell.js
C:\Users\Asa\source\repos\XO_Proj\XO_Proj\cell.js.map
C:\Users\Asa\source\repos\XO_Proj\XO_Proj\threeCell.js
C:\Users\Asa\source\repos\XO_Proj\XO_Proj\threeCell.js.map
C:\Users\Asa\source\repos\XO_Proj\XO_Proj\cell.js
C:\Users\Asa\source\repos\XO_Proj\XO_Proj\cell.js.map
C:\Users\Asa\source\repos\XO_Proj\XO_Proj\threeCell.js
C:\Users\Asa\source\repos\XO_Proj\XO_Proj\threeCell.js.map
C:\Users\Asa\source\repos\XO_Proj\XO_Proj\cell.js
C:\Users\Asa\source\repos\XO_Proj\XO_Proj\cell.js.map
C:\Users\Asa\source\repos\XO_Proj\XO_Proj\threeCell.js
C:\Users\Asa\source\repos\XO_Proj\XO_Proj\threeCell.js.map
C:\Users\Asa\source\repos\XO_Proj\XO_Proj\cell.js
C:\Users\Asa\source\repos\XO_Proj\XO_Proj\cell.js.map
C:\Users\Asa\source\repos\XO_Proj\XO_Proj\threeCell.js
C:\Users\Asa\source\repos\XO_Proj\XO_Proj\threeCell.js.map
C:\Users\Asa\source\repos\XO_Proj\XO_Proj\cell.js
C:\Users\Asa\source\repos\XO_Proj\XO_Proj\cell.js.map
C:\Users\Asa\source\repos\XO_Proj\XO_Proj\threeCell.js
C:\Users\Asa\source\repos\XO_Proj\XO_Proj\threeCell.js.map
C:\Users\Asa\source\repos\XO_Proj\XO_Proj\cell.js
C:\Users\Asa\source\repos\XO_Proj\XO_Proj\cell.js.map
C:\Users\Asa\source\repos\XO_Proj\XO_Proj\threeCell.js
C:\Users\Asa\source\repos\XO_Proj\XO_Proj\threeCell.js.map
C:\Users\Asa\source\repos\XO_Proj\XO_Proj\cell.js
C:\Users\Asa\source\repos\XO_Proj\XO_Proj\cell.js.map
C:\Users\Asa\source\repos\XO_Proj\XO_Proj\threeCell.js
C:\Users\Asa\source\repos\XO_Proj\XO_Proj\threeCell.js.map
C:\Users\Asa\source\repos\XO_Proj\XO_Proj\cell.js
C:\Users\Asa\source\repos\XO_Proj\XO_Proj\cell.js.map
C:\Users\Asa\source\repos\XO_Proj\XO_Proj\threeCell.js
C:\Users\Asa\source\repos\XO_Proj\XO_Proj\threeCell.js.map
C:\Users\Asa\source\repos\XO_Proj\XO_Proj\cell.js
C:\Users\Asa\source\repos\XO_Proj\XO_Proj\cell.js.map
C:\Users\Asa\source\repos\XO_Proj\XO_Proj\threeCell.js
C:\Users\Asa\source\repos\XO_Proj\XO_Proj\threeCell.js.map
C:\Users\Asa\source\repos\XO_Proj\XO_Proj\cell.js
C:\Users\Asa\source\repos\XO_Proj\XO_Proj\cell.js.map
C:\Users\Asa\source\repos\XO_Proj\XO_Proj\threeCell.js
C:\Users\Asa\source\repos\XO_Proj\XO_Proj\threeCell.js.map
C:\Users\Asa\source\repos\XO_Proj\XO_Proj\cell.js
C:\Users\Asa\source\repos\XO_Proj\XO_Proj\cell.js.map
C:\Users\Asa\source\repos\XO_Proj\XO_Proj\threeCell.js
C:\Users\Asa\source\repos\XO_Proj\XO_Proj\threeCell.js.map
C:\Users\Asa\source\repos\XO_Proj\XO_Proj\cell.js
C:\Users\Asa\source\repos\XO_Proj\XO_Proj\cell.js.map
C:\Users\Asa\source\repos\XO_Proj\XO_Proj\threeCell.js
C:\Users\Asa\source\repos\XO_Proj\XO_Proj\threeCell.js.map
C:\Users\Asa\source\repos\XO_Proj\XO_Proj\cell.js
C:\Users\Asa\source\repos\XO_Proj\XO_Proj\cell.js.map
C:\Users\Asa\source\repos\XO_Proj\XO_Proj\threeCell.js
C:\Users\Asa\source\repos\XO_Proj\XO_Proj\threeCell.js.map
C:\Users\Asa\source\repos\XO_Proj\XO_Proj\cell.js
C:\Users\Asa\source\repos\XO_Proj\XO_Proj\cell.js.map
C:\Users\Asa\source\repos\XO_Proj\XO_Proj\threeCell.js
C:\Users\Asa\source\repos\XO_Proj\XO_Proj\threeCell.js.map
C:\Users\Asa\source\repos\XO_Proj\XO_Proj\cell.js
C:\Users\Asa\source\repos\XO_Proj\XO_Proj\cell.js.map
C:\Users\Asa\source\repos\XO_Proj\XO_Proj\threeCell.js
C:\Users\Asa\source\repos\XO_Proj\XO_Proj\threeCell.js.map
C:\Users\Asa\source\repos\XO_Proj\XO_Proj\cell.js
C:\Users\Asa\source\repos\XO_Proj\XO_Proj\cell.js.map
C:\Users\Asa\source\repos\XO_Proj\XO_Proj\threeCell.js
C:\Users\Asa\source\repos\XO_Proj\XO_Proj\threeCell.js.map
C:\Users\Asa\source\repos\XO_Proj\XO_Proj\cell.js
C:\Users\Asa\source\repos\XO_Proj\XO_Proj\cell.js.map
C:\Users\Asa\source\repos\XO_Proj\XO_Proj\threeCell.js
C:\Users\Asa\source\repos\XO_Proj\XO_Proj\threeCell.js.map
C:\Users\Asa\source\repos\XO_Proj\XO_Proj\cell.js
C:\Users\Asa\source\repos\XO_Proj\XO_Proj\cell.js.map
C:\Users\Asa\source\repos\XO_Proj\XO_Proj\threeCell.js
C:\Users\Asa\source\repos\XO_Proj\XO_Proj\threeCell.js.map
C:\Users\Asa\source\repos\XO_Proj\XO_Proj\cell.js
C:\Users\Asa\source\repos\XO_Proj\XO_Proj\cell.js.map
C:\Users\Asa\source\repos\XO_Proj\XO_Proj\threeCell.js
C:\Users\Asa\source\repos\XO_Proj\XO_Proj\threeCell.js.map
C:\Users\Asa\source\repos\XO_Proj\XO_Proj\cell.js
C:\Users\Asa\source\repos\XO_Proj\XO_Proj\cell.js.map
C:\Users\Asa\source\repos\XO_Proj\XO_Proj\threeCell.js
C:\Users\Asa\source\repos\XO_Proj\XO_Proj\threeCell.js.map
C:\Users\Asa\source\repos\XO_Proj\XO_Proj\cell.js
C:\Users\Asa\source\repos\XO_Proj\XO_Proj\cell.js.map
C:\Users\Asa\source\repos\XO_Proj\XO_Proj\threeCell.js
C:\Users\Asa\source\repos\XO_Proj\XO_Proj\threeCell.js.map
C:\Users\Asa\source\repos\XO_Proj\XO_Proj\cell.js
C:\Users\Asa\source\repos\XO_Proj\XO_Proj\cell.js.map
C:\Users\Asa\source\repos\XO_Proj\XO_Proj\threeCell.js
C:\Users\Asa\source\repos\XO_Proj\XO_Proj\threeCell.js.map
C:\Users\Asa\source\repos\XO_Proj\XO_Proj\cell.js
C:\Users\Asa\source\repos\XO_Proj\XO_Proj\cell.js.map
C:\Users\Asa\source\repos\XO_Proj\XO_Proj\threeCell.js
C:\Users\Asa\source\repos\XO_Proj\XO_Proj\threeCell.js.map
C:\Users\Asa\source\repos\XO_Proj\XO_Proj\cell.js
C:\Users\Asa\source\repos\XO_Proj\XO_Proj\cell.js.map
C:\Users\Asa\source\repos\XO_Proj\XO_Proj\threeCell.js
C:\Users\Asa\source\repos\XO_Proj\XO_Proj\threeCell.js.map
C:\Users\Asa\source\repos\XO_Proj\XO_Proj\cell.js
C:\Users\Asa\source\repos\XO_Proj\XO_Proj\cell.js.map
C:\Users\Asa\source\repos\XO_Proj\XO_Proj\threeCell.js
C:\Users\Asa\source\repos\XO_Proj\XO_Proj\threeCell.js.map
C:\Users\Asa\source\repos\XO_Proj\XO_Proj\cell.js
C:\Users\Asa\source\repos\XO_Proj\XO_Proj\cell.js.map
C:\Users\Asa\source\repos\XO_Proj\XO_Proj\threeCell.js
C:\Users\Asa\source\repos\XO_Proj\XO_Proj\threeCell.js.map
C:\Users\Asa\source\repos\XO_Proj\XO_Proj\cell.js
C:\Users\Asa\source\repos\XO_Proj\XO_Proj\cell.js.map
C:\Users\Asa\source\repos\XO_Proj\XO_Proj\threeCell.js
C:\Users\Asa\source\repos\XO_Proj\XO_Proj\threeCell.js.map
C:\Users\Asa\source\repos\XO_Proj\XO_Proj\cell.js
C:\Users\Asa\source\repos\XO_Proj\XO_Proj\cell.js.map
C:\Users\Asa\source\repos\XO_Proj\XO_Proj\threeCell.js
C:\Users\Asa\source\repos\XO_Proj\XO_Proj\threeCell.js.map
C:\Users\Asa\source\repos\XO_Proj\XO_Proj\cell.js
C:\Users\Asa\source\repos\XO_Proj\XO_Proj\cell.js.map
C:\Users\Asa\source\repos\XO_Proj\XO_Proj\threeCell.js
C:\Users\Asa\source\repos\XO_Proj\XO_Proj\threeCell.js.map
C:\Users\Asa\source\repos\XO_Proj\XO_Proj\cell.js
C:\Users\Asa\source\repos\XO_Proj\XO_Proj\cell.js.map
C:\Users\Asa\source\repos\XO_Proj\XO_Proj\threeCell.js
C:\Users\Asa\source\repos\XO_Proj\XO_Proj\threeCell.js.map
C:\Users\Asa\source\repos\XO_Proj\XO_Proj\cell.js
C:\Users\Asa\source\repos\XO_Proj\XO_Proj\cell.js.map
C:\Users\Asa\source\repos\XO_Proj\XO_Proj\threeCell.js
C:\Users\Asa\source\repos\XO_Proj\XO_Proj\threeCell.js.map
C:\Users\Asa\source\repos\XO_Proj\XO_Proj\cell.js
C:\Users\Asa\source\repos\XO_Proj\XO_Proj\cell.js.map
C:\Users\Asa\source\repos\XO_Proj\XO_Proj\threeCell.js
C:\Users\Asa\source\repos\XO_Proj\XO_Proj\threeCell.js.map
C:\Users\Asa\source\repos\XO_Proj\XO_Proj\cell.js
C:\Users\Asa\source\repos\XO_Proj\XO_Proj\cell.js.map
C:\Users\Asa\source\repos\XO_Proj\XO_Proj\threeCell.js
C:\Users\Asa\source\repos\XO_Proj\XO_Proj\threeCell.js.map
C:\Users\Asa\source\repos\XO_Proj\XO_Proj\cell.js
C:\Users\Asa\source\repos\XO_Proj\XO_Proj\cell.js.map
C:\Users\Asa\source\repos\XO_Proj\XO_Proj\threeCell.js
C:\Users\Asa\source\repos\XO_Proj\XO_Proj\threeCell.js.map
C:\Users\Asa\source\repos\XO_Proj\XO_Proj\cell.js
C:\Users\Asa\source\repos\XO_Proj\XO_Proj\cell.js.map
C:\Users\Asa\source\repos\XO_Proj\XO_Proj\threeCell.js
C:\Users\Asa\source\repos\XO_Proj\XO_Proj\threeCell.js.map
C:\Users\Asa\source\repos\XO_Proj\XO_Proj\cell.js
C:\Users\Asa\source\repos\XO_Proj\XO_Proj\cell.js.map
C:\Users\Asa\source\repos\XO_Proj\XO_Proj\threeCell.js
C:\Users\Asa\source\repos\XO_Proj\XO_Proj\threeCell.js.map
C:\Users\Asa\source\repos\XO_Proj\XO_Proj\cell.js
C:\Users\Asa\source\repos\XO_Proj\XO_Proj\cell.js.map
C:\Users\Asa\source\repos\XO_Proj\XO_Proj\threeCell.js
C:\Users\Asa\source\repos\XO_Proj\XO_Proj\threeCell.js.map
C:\Users\Asa\source\repos\XO_Proj\XO_Proj\cell.js
C:\Users\Asa\source\repos\XO_Proj\XO_Proj\cell.js.map
C:\Users\Asa\source\repos\XO_Proj\XO_Proj\threeCell.js
C:\Users\Asa\source\repos\XO_Proj\XO_Proj\threeCell.js.map
C:\Users\Asa\source\repos\XO_Proj\XO_Proj\cell.js
C:\Users\Asa\source\repos\XO_Proj\XO_Proj\cell.js.map
C:\Users\Asa\source\repos\XO_Proj\XO_Proj\threeCell.js
C:\Users\Asa\source\repos\XO_Proj\XO_Proj\threeCell.js.map
C:\Users\Asa\source\repos\XO_Proj\XO_Proj\cell.js
C:\Users\Asa\source\repos\XO_Proj\XO_Proj\cell.js.map
C:\Users\Asa\source\repos\XO_Proj\XO_Proj\board.js
C:\Users\Asa\source\repos\XO_Proj\XO_Proj\board.js.map
C:\Users\Asa\source\repos\XO_Proj\XO_Proj\threeCell.js
C:\Users\Asa\source\repos\XO_Proj\XO_Proj\threeCell.js.map
C:\Users\Asa\source\repos\XO_Proj\XO_Proj\cell.js
C:\Users\Asa\source\repos\XO_Proj\XO_Proj\cell.js.map
C:\Users\Asa\source\repos\XO_Proj\XO_Proj\board.js
C:\Users\Asa\source\repos\XO_Proj\XO_Proj\board.js.map
C:\Users\Asa\source\repos\XO_Proj\XO_Proj\definitions.js
C:\Users\Asa\source\repos\XO_Proj\XO_Proj\definitions.js.map
C:\Users\Asa\source\repos\XO_Proj\XO_Proj\game.js
C:\Users\Asa\source\repos\XO_Proj\XO_Proj\game.js.map
C:\Users\Asa\source\repos\XO_Proj\XO_Proj\mainFlow.js
C:\Users\Asa\source\repos\XO_Proj\XO_Proj\mainFlow.js.map
C:\Users\Asa\source\repos\XO_Proj\XO_Proj\threeCell.js
C:\Users\Asa\source\repos\XO_Proj\XO_Proj\threeCell.js.map
C:\Users\Asa\source\repos\XO_Proj\XO_Proj\cell.js
C:\Users\Asa\source\repos\XO_Proj\XO_Proj\cell.js.map
C:\Users\Asa\source\repos\XO_Proj\XO_Proj\board.js
C:\Users\Asa\source\repos\XO_Proj\XO_Proj\board.js.map
C:\Users\Asa\source\repos\XO_Proj\XO_Proj\definitions.js
C:\Users\Asa\source\repos\XO_Proj\XO_Proj\definitions.js.map
C:\Users\Asa\source\repos\XO_Proj\XO_Proj\game.js
C:\Users\Asa\source\repos\XO_Proj\XO_Proj\game.js.map
C:\Users\Asa\source\repos\XO_Proj\XO_Proj\mainFlow.js
C:\Users\Asa\source\repos\XO_Proj\XO_Proj\mainFlow.js.map
C:\Users\Asa\source\repos\XO_Proj\XO_Proj\threeCell.js
C:\Users\Asa\source\repos\XO_Proj\XO_Proj\threeCell.js.map
C:\Users\Asa\source\repos\XO_Proj\XO_Proj\cell.js
C:\Users\Asa\source\repos\XO_Proj\XO_Proj\cell.js.map
C:\Users\Asa\source\repos\XO_Proj\XO_Proj\board.js
C:\Users\Asa\source\repos\XO_Proj\XO_Proj\board.js.map
C:\Users\Asa\source\repos\XO_Proj\XO_Proj\definitions.js
C:\Users\Asa\source\repos\XO_Proj\XO_Proj\definitions.js.map
C:\Users\Asa\source\repos\XO_Proj\XO_Proj\game.js
C:\Users\Asa\source\repos\XO_Proj\XO_Proj\game.js.map
C:\Users\Asa\source\repos\XO_Proj\XO_Proj\mainFlow.js
C:\Users\Asa\source\repos\XO_Proj\XO_Proj\mainFlow.js.map
C:\Users\Asa\source\repos\XO_Proj\XO_Proj\threeCell.js
C:\Users\Asa\source\repos\XO_Proj\XO_Proj\threeCell.js.map
